mode: set
uccps_docs.domain/controllers/document_controller.go:63.100,76.16 7 0
uccps_docs.domain/controllers/document_controller.go:88.2,94.16 3 0
uccps_docs.domain/controllers/document_controller.go:128.2,128.66 1 0
uccps_docs.domain/controllers/document_controller.go:133.2,133.27 1 0
uccps_docs.domain/controllers/document_controller.go:76.16,79.29 1 0
uccps_docs.domain/controllers/document_controller.go:84.3,84.28 1 0
uccps_docs.domain/controllers/document_controller.go:79.29,81.4 1 0
uccps_docs.domain/controllers/document_controller.go:94.16,96.29 1 0
uccps_docs.domain/controllers/document_controller.go:96.29,100.68 2 0
uccps_docs.domain/controllers/document_controller.go:107.4,107.62 1 0
uccps_docs.domain/controllers/document_controller.go:114.4,114.60 1 0
uccps_docs.domain/controllers/document_controller.go:121.4,121.29 1 0
uccps_docs.domain/controllers/document_controller.go:100.68,104.5 2 0
uccps_docs.domain/controllers/document_controller.go:107.62,111.5 2 0
uccps_docs.domain/controllers/document_controller.go:114.60,118.5 2 0
uccps_docs.domain/controllers/document_controller.go:122.9,125.4 1 0
uccps_docs.domain/controllers/document_controller.go:128.66,131.3 1 0
uccps_docs.domain/controllers/document_controller.go:137.71,141.2 1 0
uccps_docs.domain/controllers/document_controller.go:143.109,187.88 4 0
uccps_docs.domain/controllers/document_controller.go:192.2,192.44 1 0
uccps_docs.domain/controllers/document_controller.go:195.2,195.12 1 0
uccps_docs.domain/controllers/document_controller.go:187.88,189.3 1 0
uccps_docs.domain/controllers/document_controller.go:192.44,194.3 1 0
uccps_docs.domain/controllers/document_controller.go:198.109,242.88 4 0
uccps_docs.domain/controllers/document_controller.go:250.2,250.12 1 0
uccps_docs.domain/controllers/document_controller.go:242.88,244.3 1 0
uccps_docs.domain/controllers/document_controller.go:253.116,260.16 3 0
uccps_docs.domain/controllers/document_controller.go:265.2,265.29 1 0
uccps_docs.domain/controllers/document_controller.go:269.2,287.87 2 0
uccps_docs.domain/controllers/document_controller.go:292.2,292.43 1 0
uccps_docs.domain/controllers/document_controller.go:295.2,295.12 1 0
uccps_docs.domain/controllers/document_controller.go:260.16,262.3 1 0
uccps_docs.domain/controllers/document_controller.go:265.29,267.3 1 0
uccps_docs.domain/controllers/document_controller.go:287.87,289.3 1 0
uccps_docs.domain/controllers/document_controller.go:292.43,294.3 1 0
uccps_docs.domain/controllers/document_controller.go:299.114,306.16 3 0
uccps_docs.domain/controllers/document_controller.go:311.2,311.29 1 0
uccps_docs.domain/controllers/document_controller.go:315.2,337.88 4 0
uccps_docs.domain/controllers/document_controller.go:342.2,342.44 1 0
uccps_docs.domain/controllers/document_controller.go:345.2,345.12 1 0
uccps_docs.domain/controllers/document_controller.go:306.16,308.3 1 0
uccps_docs.domain/controllers/document_controller.go:311.29,313.3 1 0
uccps_docs.domain/controllers/document_controller.go:337.88,339.3 1 0
uccps_docs.domain/controllers/document_controller.go:342.44,344.3 1 0
